2024-12-15 20:16:09 INFO Starting ediTool
2024-12-15 20:16:09 INFO TopSolid 719 connected successfully!
2024-12-15 20:16:09 INFO Tool updated in database. 15589391 tools changed: 1
2024-12-15 20:16:16 INFO find a tool
2024-12-15 20:16:17 INFO search tool
2024-12-15 20:16:17 INFO search tool
2024-12-15 20:16:34 DEBUG Using proactor: IocpProactor
2024-12-15 20:16:39 INFO Parsing XML DIN4000 data
2024-12-15 20:16:39 DEBUG Using proactor: IocpProactor
2024-12-15 20:16:49 DEBUG Using proactor: IocpProactor
2024-12-15 20:17:32 INFO find a tool
2024-12-15 20:17:32 INFO search tool
2024-12-15 20:17:32 INFO search tool
2024-12-15 20:17:35 DEBUG Using proactor: IocpProactor
2024-12-15 20:17:40 INFO Parsing XML DIN4000 data
2024-12-15 20:17:41 DEBUG Using proactor: IocpProactor
2024-12-15 20:17:49 DEBUG Using proactor: IocpProactor
2024-12-15 20:18:14 INFO find a tool
2024-12-15 20:18:15 INFO search tool
2024-12-15 20:18:15 INFO search tool
2024-12-15 20:18:17 DEBUG Using proactor: IocpProactor
2024-12-15 20:18:26 DEBUG Using proactor: IocpProactor
2024-12-15 20:18:36 DEBUG Using proactor: IocpProactor
2024-12-15 20:19:02 INFO Tool updated in database. 387229 tools changed: 1
2024-12-15 20:19:03 INFO Tool updated in database. 387229 tools changed: 1
2024-12-15 20:19:04 INFO Start modifications
2024-12-15 20:19:04 INFO All modifications started
2024-12-15 20:19:05 INFO End modifications
2024-12-15 20:19:05 INFO All modifications ended
2024-12-15 20:19:05 INFO Created tool with id: 19_pm4gwkxijbku7cwinllhkzo4bi&209_14_3
2024-12-15 20:19:05 INFO Tool updated in database. 387229 tools changed: 1
2024-12-15 20:19:13 INFO Start modifications
2024-12-15 20:19:13 INFO All modifications started
2024-12-15 20:19:14 INFO End modifications
2024-12-15 20:19:14 INFO All modifications ended
2024-12-15 20:19:14 INFO Created tool with id: 19_pm4gwkxijbku7cwinllhkzo4bi&215_18_1
2024-12-15 20:19:14 INFO Tool updated in database. 207342-8 tools changed: 1
2024-12-15 20:19:21 INFO Dropped file: C:\works\git_clone\editool_python\wx_gui\dist\tool examples\step\holders\E9304540316160.stp
2024-12-15 20:19:22 INFO No modifications to end
2024-12-15 20:19:22 INFO All modifications ended
2024-12-15 20:19:34 INFO Start modifications
2024-12-15 20:19:34 INFO All modifications started
2024-12-15 20:19:57 INFO End modifications
2024-12-15 20:19:57 INFO All modifications ended
2024-12-15 20:20:31 INFO insert into holder for :: 207342-8
2024-12-15 20:20:32 INFO Start modifications
2024-12-15 20:20:32 INFO All modifications started
2024-12-15 20:20:32 INFO End modifications
2024-12-15 20:20:32 INFO All modifications ended
2024-12-15 20:20:33 INFO Start modifications
2024-12-15 20:20:33 INFO All modifications started
2024-12-15 20:20:33 INFO End modifications
2024-12-15 20:20:33 INFO All modifications ended
2024-12-15 20:20:33 INFO Start modifications
2024-12-15 20:20:33 INFO All modifications started
2024-12-15 20:20:33 INFO End modifications
2024-12-15 20:20:33 INFO All modifications ended
2024-12-15 20:20:34 INFO Start modifications
2024-12-15 20:20:34 INFO All modifications started
2024-12-15 20:20:34 INFO End modifications
2024-12-15 20:20:34 INFO All modifications ended
2024-12-15 20:20:34 INFO Start modifications
2024-12-15 20:20:34 INFO All modifications started
2024-12-15 20:20:34 INFO End modifications
2024-12-15 20:20:34 INFO All modifications ended
2024-12-15 20:20:34 INFO Start modifications
2024-12-15 20:20:34 INFO All modifications started
2024-12-15 20:20:34 INFO End modifications
2024-12-15 20:20:34 INFO All modifications ended
2024-12-15 20:20:47 INFO Start modifications
2024-12-15 20:20:47 INFO All modifications started
2024-12-15 20:20:47 INFO End modifications
2024-12-15 20:20:47 INFO All modifications ended
2024-12-15 20:20:48 INFO Created tool with id: 19_pm4gwkxijbku7cwinllhkzo4bi&249_10_1
2024-12-15 20:20:48 INFO Tool updated in database. 15589391 tools changed: 1
2024-12-15 20:20:52 INFO insert into holder for :: 15589391
2024-12-15 20:20:53 INFO Start modifications
2024-12-15 20:20:53 INFO All modifications started
2024-12-15 20:20:53 INFO End modifications
2024-12-15 20:20:53 INFO All modifications ended
2024-12-15 20:20:54 INFO Start modifications
2024-12-15 20:20:54 INFO All modifications started
2024-12-15 20:20:54 INFO End modifications
2024-12-15 20:20:54 INFO All modifications ended
2024-12-15 20:20:54 INFO Start modifications
2024-12-15 20:20:54 INFO All modifications started
2024-12-15 20:20:54 INFO End modifications
2024-12-15 20:20:54 INFO All modifications ended
2024-12-15 20:20:55 INFO Start modifications
2024-12-15 20:20:55 INFO All modifications started
2024-12-15 20:20:55 INFO End modifications
2024-12-15 20:20:55 INFO All modifications ended
2024-12-15 20:20:55 INFO Start modifications
2024-12-15 20:20:55 INFO All modifications started
2024-12-15 20:20:55 INFO End modifications
2024-12-15 20:20:55 INFO All modifications ended
2024-12-15 20:20:55 INFO Start modifications
2024-12-15 20:20:55 INFO All modifications started
2024-12-15 20:20:55 INFO End modifications
2024-12-15 20:20:55 INFO All modifications ended
